WARNING: A terminally deprecated method in sun.misc.Unsafe has been called
WARNING: sun.misc.Unsafe::staticFieldBase has been called by com.google.inject.internal.aop.HiddenClassDefiner (file:/C:/Users/ADMIN/.m2/wrapper/dists/apache-maven-3.9.11/a2d47e15/lib/guice-5.1.0-classes.jar)
WARNING: Please consider reporting this to the maintainers of class com.google.inject.internal.aop.HiddenClassDefiner
WARNING: sun.misc.Unsafe::staticFieldBase will be removed in a future release

  .   ____          _            __ _ _
 /\\ / ___'_ __ _ _(_)_ __  __ _ \ \ \ \
( ( )\___ | '_ | '_| | '_ \/ _` | \ \ \ \
 \\/  ___)| |_)| | | | | || (_| |  ) ) ) )
  '  |____| .__|_| |_|_| |_\__, | / / / /
 =========|_|==============|___/=/_/_/_/

 :: Spring Boot ::                (v4.0.0)

2026-04-20T21:55:57.743+07:00  INFO 33164 --- [hls-server] [           main] com.rin.hlsserver.HlsServerApplication   : Starting HlsServerApplication using Java 25.0.2 with PID 33164 (D:\IdeaProjects\HTTP-Live-Streaming\hls-server\target\classes started by ADMIN in D:\IdeaProjects\HTTP-Live-Streaming\hls-server)
2026-04-20T21:55:57.744+07:00 DEBUG 33164 --- [hls-server] [           main] com.rin.hlsserver.HlsServerApplication   : Running with Spring Boot v4.0.0, Spring v7.0.1
2026-04-20T21:55:57.746+07:00  INFO 33164 --- [hls-server] [           main] com.rin.hlsserver.HlsServerApplication   : The following 1 profile is active: "server-b"
2026-04-20T21:55:58.395+07:00  INFO 33164 --- [hls-server] [           main] .s.d.r.c.RepositoryConfigurationDelegate : Bootstrapping Spring Data JPA repositories in DEFAULT mode.
2026-04-20T21:55:58.458+07:00  INFO 33164 --- [hls-server] [           main] .s.d.r.c.RepositoryConfigurationDelegate : Finished Spring Data repository scanning in 56 ms. Found 9 JPA repository interfaces.
2026-04-20T21:55:58.914+07:00  INFO 33164 --- [hls-server] [           main] o.s.boot.tomcat.TomcatWebServer          : Tomcat initialized with port 8082 (http)
2026-04-20T21:55:58.930+07:00  INFO 33164 --- [hls-server] [           main] o.apache.catalina.core.StandardService   : Starting service [Tomcat]
2026-04-20T21:55:58.930+07:00  INFO 33164 --- [hls-server] [           main] o.apache.catalina.core.StandardEngine    : Starting Servlet engine: [Apache Tomcat/11.0.14]
2026-04-20T21:55:58.985+07:00  INFO 33164 --- [hls-server] [           main] b.w.c.s.WebApplicationContextInitializer : Root WebApplicationContext: initialization completed in 1198 ms
2026-04-20T21:55:59.109+07:00  INFO 33164 --- [hls-server] [           main] o.hibernate.jpa.internal.util.LogHelper  : HHH000204: Processing PersistenceUnitInfo [name: default]
2026-04-20T21:55:59.177+07:00  INFO 33164 --- [hls-server] [           main] org.hibernate.Version                    : HHH000412: Hibernate ORM core version 7.1.8.Final
2026-04-20T21:55:59.609+07:00  INFO 33164 --- [hls-server] [           main] o.s.o.j.p.SpringPersistenceUnitInfo      : No LoadTimeWeaver setup: ignoring JPA class transformer
2026-04-20T21:55:59.641+07:00  INFO 33164 --- [hls-server] [           main] com.zaxxer.hikari.HikariDataSource       : HikariPool-1 - Starting...
2026-04-20T21:56:00.713+07:00  WARN 33164 --- [hls-server] [           main] org.hibernate.orm.jdbc.error             : HHH000247: ErrorCode: 0, SQLState: 22023
2026-04-20T21:56:00.713+07:00  WARN 33164 --- [hls-server] [           main] org.hibernate.orm.jdbc.error             : FATAL: invalid value for parameter "TimeZone": "Asia/Saigon"
2026-04-20T21:56:00.716+07:00  WARN 33164 --- [hls-server] [           main] o.h.e.j.e.i.JdbcEnvironmentInitiator     : HHH000342: Could not obtain connection to query JDBC database metadata

org.hibernate.exception.DataException: Unable to obtain isolated JDBC connection [FATAL: invalid value for parameter "TimeZone": "Asia/Saigon"] [n/a]
	at org.hibernate.exception.internal.SQLStateConversionDelegate.convert(SQLStateConversionDelegate.java:84) ~[hibernate-core-7.1.8.Final.jar:7.1.8.Final]
	at org.hibernate.exception.internal.StandardSQLExceptionConverter.convert(StandardSQLExceptionConverter.java:34) ~[hibernate-core-7.1.8.Final.jar:7.1.8.Final]
	at org.hibernate.engine.jdbc.spi.SqlExceptionHelper.convert(SqlExceptionHelper.java:115) ~[hibernate-core-7.1.8.Final.jar:7.1.8.Final]
	at org.hibernate.engine.jdbc.spi.SqlExceptionHelper.convert(SqlExceptionHelper.java:101) ~[hibernate-core-7.1.8.Final.jar:7.1.8.Final]
	at org.hibernate.resource.transaction.backend.jdbc.internal.JdbcIsolationDelegate.delegateWork(JdbcIsolationDelegate.java:51) ~[hibernate-core-7.1.8.Final.jar:7.1.8.Final]
	at org.hibernate.engine.jdbc.env.internal.JdbcEnvironmentInitiator.getJdbcEnvironmentUsingJdbcMetadata(JdbcEnvironmentInitiator.java:355) ~[hibernate-core-7.1.8.Final.jar:7.1.8.Final]
	at org.hibernate.engine.jdbc.env.internal.JdbcEnvironmentInitiator.getJdbcEnvironment(JdbcEnvironmentInitiator.java:149) ~[hibernate-core-7.1.8.Final.jar:7.1.8.Final]
	at org.hibernate.engine.jdbc.env.internal.JdbcEnvironmentInitiator.initiateService(JdbcEnvironmentInitiator.java:127) ~[hibernate-core-7.1.8.Final.jar:7.1.8.Final]
	at org.hibernate.engine.jdbc.env.internal.JdbcEnvironmentInitiator.initiateService(JdbcEnvironmentInitiator.java:82) ~[hibernate-core-7.1.8.Final.jar:7.1.8.Final]
	at org.hibernate.boot.registry.internal.StandardServiceRegistryImpl.initiateService(StandardServiceRegistryImpl.java:133) ~[hibernate-core-7.1.8.Final.jar:7.1.8.Final]
	at org.hibernate.service.internal.AbstractServiceRegistryImpl.createService(AbstractServiceRegistryImpl.java:262) ~[hibernate-core-7.1.8.Final.jar:7.1.8.Final]
	at org.hibernate.service.internal.AbstractServiceRegistryImpl.initializeService(AbstractServiceRegistryImpl.java:237) ~[hibernate-core-7.1.8.Final.jar:7.1.8.Final]
	at org.hibernate.service.internal.AbstractServiceRegistryImpl.getService(AbstractServiceRegistryImpl.java:214) ~[hibernate-core-7.1.8.Final.jar:7.1.8.Final]
	at org.hibernate.boot.model.relational.Database.<init>(Database.java:44) ~[hibernate-core-7.1.8.Final.jar:7.1.8.Final]
	at org.hibernate.boot.internal.InFlightMetadataCollectorImpl.getDatabase(InFlightMetadataCollectorImpl.java:255) ~[hibernate-core-7.1.8.Final.jar:7.1.8.Final]
	at org.hibernate.boot.internal.InFlightMetadataCollectorImpl.<init>(InFlightMetadataCollectorImpl.java:207) ~[hibernate-core-7.1.8.Final.jar:7.1.8.Final]
	at org.hibernate.boot.model.process.spi.MetadataBuildingProcess.complete(MetadataBuildingProcess.java:185) ~[hibernate-core-7.1.8.Final.jar:7.1.8.Final]
	at org.hibernate.jpa.boot.internal.EntityManagerFactoryBuilderImpl.metadata(EntityManagerFactoryBuilderImpl.java:1395) ~[hibernate-core-7.1.8.Final.jar:7.1.8.Final]
	at org.hibernate.jpa.boot.internal.EntityManagerFactoryBuilderImpl.populateSessionFactoryBuilder(EntityManagerFactoryBuilderImpl.java:1475) ~[hibernate-core-7.1.8.Final.jar:7.1.8.Final]
	at org.hibernate.jpa.boot.internal.EntityManagerFactoryBuilderImpl.build(EntityManagerFactoryBuilderImpl.java:1457) ~[hibernate-core-7.1.8.Final.jar:7.1.8.Final]
	at org.springframework.orm.jpa.vendor.SpringHibernateJpaPersistenceProvider.createContainerEntityManagerFactory(SpringHibernateJpaPersistenceProvider.java:66) ~[spring-orm-7.0.1.jar:7.0.1]
	at org.springframework.orm.jpa.LocalContainerEntityManagerFactoryBean.createNativeEntityManagerFactory(LocalContainerEntityManagerFactoryBean.java:433) ~[spring-orm-7.0.1.jar:7.0.1]
	at org.springframework.orm.jpa.AbstractEntityManagerFactoryBean.buildNativeEntityManagerFactory(AbstractEntityManagerFactoryBean.java:416) ~[spring-orm-7.0.1.jar:7.0.1]
	at org.springframework.orm.jpa.AbstractEntityManagerFactoryBean.afterPropertiesSet(AbstractEntityManagerFactoryBean.java:396) ~[spring-orm-7.0.1.jar:7.0.1]
	at org.springframework.orm.jpa.LocalContainerEntityManagerFactoryBean.afterPropertiesSet(LocalContainerEntityManagerFactoryBean.java:409) ~[spring-orm-7.0.1.jar:7.0.1]
	at org.springframework.beans.factory.support.AbstractAutowireCapableBeanFactory.invokeInitMethods(AbstractAutowireCapableBeanFactory.java:1864) ~[spring-beans-7.0.1.jar:7.0.1]
	at org.springframework.beans.factory.support.AbstractAutowireCapableBeanFactory.initializeBean(AbstractAutowireCapableBeanFactory.java:1813) ~[spring-beans-7.0.1.jar:7.0.1]
	at org.springframework.beans.factory.support.AbstractAutowireCapableBeanFactory.doCreateBean(AbstractAutowireCapableBeanFactory.java:603) ~[spring-beans-7.0.1.jar:7.0.1]
	at org.springframework.beans.factory.support.AbstractAutowireCapableBeanFactory.createBean(AbstractAutowireCapableBeanFactory.java:525) ~[spring-beans-7.0.1.jar:7.0.1]
	at org.springframework.beans.factory.support.AbstractBeanFactory.lambda$doGetBean$0(AbstractBeanFactory.java:333) ~[spring-beans-7.0.1.jar:7.0.1]
	at org.springframework.beans.factory.support.DefaultSingletonBeanRegistry.getSingleton(DefaultSingletonBeanRegistry.java:371) ~[spring-beans-7.0.1.jar:7.0.1]
	at org.springframework.beans.factory.support.AbstractBeanFactory.doGetBean(AbstractBeanFactory.java:331) ~[spring-beans-7.0.1.jar:7.0.1]
	at org.springframework.beans.factory.support.AbstractBeanFactory.getBean(AbstractBeanFactory.java:196) ~[spring-beans-7.0.1.jar:7.0.1]
	at org.springframework.beans.factory.support.BeanDefinitionValueResolver.resolveReference(BeanDefinitionValueResolver.java:365) ~[spring-beans-7.0.1.jar:7.0.1]
	at org.springframework.beans.factory.support.BeanDefinitionValueResolver.resolveValueIfNecessary(BeanDefinitionValueResolver.java:135) ~[spring-beans-7.0.1.jar:7.0.1]
	at org.springframework.beans.factory.support.ConstructorResolver.resolveConstructorArguments(ConstructorResolver.java:691) ~[spring-beans-7.0.1.jar:7.0.1]
	at org.springframework.beans.factory.support.ConstructorResolver.instantiateUsingFactoryMethod(ConstructorResolver.java:513) ~[spring-beans-7.0.1.jar:7.0.1]
	at org.springframework.beans.factory.support.AbstractAutowireCapableBeanFactory.instantiateUsingFactoryMethod(AbstractAutowireCapableBeanFactory.java:1362) ~[spring-beans-7.0.1.jar:7.0.1]
	at org.springframework.beans.factory.support.AbstractAutowireCapableBeanFactory.createBeanInstance(AbstractAutowireCapableBeanFactory.java:1194) ~[spring-beans-7.0.1.jar:7.0.1]
	at org.springframework.beans.factory.support.AbstractAutowireCapableBeanFactory.doCreateBean(AbstractAutowireCapableBeanFactory.java:565) ~[spring-beans-7.0.1.jar:7.0.1]
	at org.springframework.beans.factory.support.AbstractAutowireCapableBeanFactory.createBean(AbstractAutowireCapableBeanFactory.java:525) ~[spring-beans-7.0.1.jar:7.0.1]
	at org.springframework.beans.factory.support.AbstractBeanFactory.lambda$doGetBean$0(AbstractBeanFactory.java:333) ~[spring-beans-7.0.1.jar:7.0.1]
	at org.springframework.beans.factory.support.DefaultSingletonBeanRegistry.getSingleton(DefaultSingletonBeanRegistry.java:371) ~[spring-beans-7.0.1.jar:7.0.1]
	at org.springframework.beans.factory.support.AbstractBeanFactory.doGetBean(AbstractBeanFactory.java:331) ~[spring-beans-7.0.1.jar:7.0.1]
	at org.springframework.beans.factory.support.AbstractBeanFactory.getBean(AbstractBeanFactory.java:201) ~[spring-beans-7.0.1.jar:7.0.1]
	at org.springframework.beans.factory.support.BeanDefinitionValueResolver.resolveReference(BeanDefinitionValueResolver.java:356) ~[spring-beans-7.0.1.jar:7.0.1]
	at org.springframework.beans.factory.support.BeanDefinitionValueResolver.resolveValueIfNecessary(BeanDefinitionValueResolver.java:135) ~[spring-beans-7.0.1.jar:7.0.1]
	at org.springframework.beans.factory.support.AbstractAutowireCapableBeanFactory.applyPropertyValues(AbstractAutowireCapableBeanFactory.java:1712) ~[spring-beans-7.0.1.jar:7.0.1]
	at org.springframework.beans.factory.support.AbstractAutowireCapableBeanFactory.populateBean(AbstractAutowireCapableBeanFactory.java:1461) ~[spring-beans-7.0.1.jar:7.0.1]
	at org.springframework.beans.factory.support.AbstractAutowireCapableBeanFactory.doCreateBean(AbstractAutowireCapableBeanFactory.java:602) ~[spring-beans-7.0.1.jar:7.0.1]
	at org.springframework.beans.factory.support.AbstractAutowireCapableBeanFactory.createBean(AbstractAutowireCapableBeanFactory.java:525) ~[spring-beans-7.0.1.jar:7.0.1]
	at org.springframework.beans.factory.support.AbstractBeanFactory.lambda$doGetBean$0(AbstractBeanFactory.java:333) ~[spring-beans-7.0.1.jar:7.0.1]
	at org.springframework.beans.factory.support.DefaultSingletonBeanRegistry.getSingleton(DefaultSingletonBeanRegistry.java:371) ~[spring-beans-7.0.1.jar:7.0.1]
	at org.springframework.beans.factory.support.AbstractBeanFactory.doGetBean(AbstractBeanFactory.java:331) ~[spring-beans-7.0.1.jar:7.0.1]
	at org.springframework.beans.factory.support.AbstractBeanFactory.getBean(AbstractBeanFactory.java:201) ~[spring-beans-7.0.1.jar:7.0.1]
	at org.springframework.beans.factory.support.DefaultListableBeanFactory.resolveBean(DefaultListableBeanFactory.java:1225) ~[spring-beans-7.0.1.jar:7.0.1]
	at org.springframework.beans.factory.support.DefaultListableBeanFactory.doResolveDependency(DefaultListableBeanFactory.java:1704) ~[spring-beans-7.0.1.jar:7.0.1]
	at org.springframework.beans.factory.support.DefaultListableBeanFactory.resolveDependency(DefaultListableBeanFactory.java:1651) ~[spring-beans-7.0.1.jar:7.0.1]
	at org.springframework.beans.factory.support.ConstructorResolver.resolveAutowiredArgument(ConstructorResolver.java:912) ~[spring-beans-7.0.1.jar:7.0.1]
	at org.springframework.beans.factory.support.ConstructorResolver.createArgumentArray(ConstructorResolver.java:791) ~[spring-beans-7.0.1.jar:7.0.1]
	at org.springframework.beans.factory.support.ConstructorResolver.autowireConstructor(ConstructorResolver.java:240) ~[spring-beans-7.0.1.jar:7.0.1]
	at org.springframework.beans.factory.support.AbstractAutowireCapableBeanFactory.autowireConstructor(AbstractAutowireCapableBeanFactory.java:1382) ~[spring-beans-7.0.1.jar:7.0.1]
	at org.springframework.beans.factory.support.AbstractAutowireCapableBeanFactory.createBeanInstance(AbstractAutowireCapableBeanFactory.java:1221) ~[spring-beans-7.0.1.jar:7.0.1]
	at org.springframework.beans.factory.support.AbstractAutowireCapableBeanFactory.doCreateBean(AbstractAutowireCapableBeanFactory.java:565) ~[spring-beans-7.0.1.jar:7.0.1]
	at org.springframework.beans.factory.support.AbstractAutowireCapableBeanFactory.createBean(AbstractAutowireCapableBeanFactory.java:525) ~[spring-beans-7.0.1.jar:7.0.1]
	at org.springframework.beans.factory.support.AbstractBeanFactory.lambda$doGetBean$0(AbstractBeanFactory.java:333) ~[spring-beans-7.0.1.jar:7.0.1]
	at org.springframework.beans.factory.support.DefaultSingletonBeanRegistry.getSingleton(DefaultSingletonBeanRegistry.java:371) ~[spring-beans-7.0.1.jar:7.0.1]
	at org.springframework.beans.factory.support.AbstractBeanFactory.doGetBean(AbstractBeanFactory.java:331) ~[spring-beans-7.0.1.jar:7.0.1]
	at org.springframework.beans.factory.support.AbstractBeanFactory.getBean(AbstractBeanFactory.java:201) ~[spring-beans-7.0.1.jar:7.0.1]
	at org.springframework.beans.factory.support.DefaultListableBeanFactory.resolveBean(DefaultListableBeanFactory.java:1225) ~[spring-beans-7.0.1.jar:7.0.1]
	at org.springframework.beans.factory.support.DefaultListableBeanFactory.doResolveDependency(DefaultListableBeanFactory.java:1704) ~[spring-beans-7.0.1.jar:7.0.1]
	at org.springframework.beans.factory.support.DefaultListableBeanFactory.resolveDependency(DefaultListableBeanFactory.java:1651) ~[spring-beans-7.0.1.jar:7.0.1]
	at org.springframework.beans.factory.support.ConstructorResolver.resolveAutowiredArgument(ConstructorResolver.java:912) ~[spring-beans-7.0.1.jar:7.0.1]
	at org.springframework.beans.factory.support.ConstructorResolver.createArgumentArray(ConstructorResolver.java:791) ~[spring-beans-7.0.1.jar:7.0.1]
	at org.springframework.beans.factory.support.ConstructorResolver.autowireConstructor(ConstructorResolver.java:240) ~[spring-beans-7.0.1.jar:7.0.1]
	at org.springframework.beans.factory.support.AbstractAutowireCapableBeanFactory.autowireConstructor(AbstractAutowireCapableBeanFactory.java:1382) ~[spring-beans-7.0.1.jar:7.0.1]
	at org.springframework.beans.factory.support.AbstractAutowireCapableBeanFactory.createBeanInstance(AbstractAutowireCapableBeanFactory.java:1221) ~[spring-beans-7.0.1.jar:7.0.1]
	at org.springframework.beans.factory.support.AbstractAutowireCapableBeanFactory.doCreateBean(AbstractAutowireCapableBeanFactory.java:565) ~[spring-beans-7.0.1.jar:7.0.1]
	at org.springframework.beans.factory.support.AbstractAutowireCapableBeanFactory.createBean(AbstractAutowireCapableBeanFactory.java:525) ~[spring-beans-7.0.1.jar:7.0.1]
	at org.springframework.beans.factory.support.AbstractBeanFactory.lambda$doGetBean$0(AbstractBeanFactory.java:333) ~[spring-beans-7.0.1.jar:7.0.1]
	at org.springframework.beans.factory.support.DefaultSingletonBeanRegistry.getSingleton(DefaultSingletonBeanRegistry.java:371) ~[spring-beans-7.0.1.jar:7.0.1]
	at org.springframework.beans.factory.support.AbstractBeanFactory.doGetBean(AbstractBeanFactory.java:331) ~[spring-beans-7.0.1.jar:7.0.1]
	at org.springframework.beans.factory.support.AbstractBeanFactory.getBean(AbstractBeanFactory.java:201) ~[spring-beans-7.0.1.jar:7.0.1]
	at org.springframework.boot.web.servlet.ServletContextInitializerBeans.getOrderedBeansOfType(ServletContextInitializerBeans.java:231) ~[spring-boot-4.0.0.jar:4.0.0]
	at org.springframework.boot.web.servlet.ServletContextInitializerBeans.addAsRegistrationBean(ServletContextInitializerBeans.java:185) ~[spring-boot-4.0.0.jar:4.0.0]
	at org.springframework.boot.web.servlet.ServletContextInitializerBeans.addAsRegistrationBean(ServletContextInitializerBeans.java:180) ~[spring-boot-4.0.0.jar:4.0.0]
	at org.springframework.boot.web.servlet.ServletContextInitializerBeans.addAdaptableBeans(ServletContextInitializerBeans.java:165) ~[spring-boot-4.0.0.jar:4.0.0]
	at org.springframework.boot.web.servlet.ServletContextInitializerBeans.<init>(ServletContextInitializerBeans.java:97) ~[spring-boot-4.0.0.jar:4.0.0]
	at org.springframework.boot.web.context.servlet.WebApplicationContextInitializer.initialize(WebApplicationContextInitializer.java:53) ~[spring-boot-4.0.0.jar:4.0.0]
	at org.springframework.boot.tomcat.servlet.DeferredServletContainerInitializers.onStartup(DeferredServletContainerInitializers.java:55) ~[spring-boot-tomcat-4.0.0.jar:4.0.0]
	at org.apache.catalina.core.StandardContext.startInternal(StandardContext.java:4416) ~[tomcat-embed-core-11.0.14.jar:11.0.14]
	at org.apache.catalina.util.LifecycleBase.start(LifecycleBase.java:164) ~[tomcat-embed-core-11.0.14.jar:11.0.14]
	at org.apache.catalina.core.ContainerBase$StartChild.call(ContainerBase.java:1162) ~[tomcat-embed-core-11.0.14.jar:11.0.14]
	at org.apache.catalina.core.ContainerBase$StartChild.call(ContainerBase.java:1158) ~[tomcat-embed-core-11.0.14.jar:11.0.14]
	at java.base/java.util.concurrent.FutureTask.run(FutureTask.java:328) ~[na:na]
	at org.apache.tomcat.util.threads.InlineExecutorService.execute(InlineExecutorService.java:81) ~[tomcat-embed-core-11.0.14.jar:11.0.14]
	at java.base/java.util.concurrent.AbstractExecutorService.submit(AbstractExecutorService.java:149) ~[na:na]
	at org.apache.catalina.core.ContainerBase.startInternal(ContainerBase.java:714) ~[tomcat-embed-core-11.0.14.jar:11.0.14]
	at org.apache.catalina.core.StandardHost.startInternal(StandardHost.java:767) ~[tomcat-embed-core-11.0.14.jar:11.0.14]
	at org.apache.catalina.util.LifecycleBase.start(LifecycleBase.java:164) ~[tomcat-embed-core-11.0.14.jar:11.0.14]
	at org.apache.catalina.core.ContainerBase$StartChild.call(ContainerBase.java:1162) ~[tomcat-embed-core-11.0.14.jar:11.0.14]
	at org.apache.catalina.core.ContainerBase$StartChild.call(ContainerBase.java:1158) ~[tomcat-embed-core-11.0.14.jar:11.0.14]
	at java.base/java.util.concurrent.FutureTask.run(FutureTask.java:328) ~[na:na]
	at org.apache.tomcat.util.threads.InlineExecutorService.execute(InlineExecutorService.java:81) ~[tomcat-embed-core-11.0.14.jar:11.0.14]
	at java.base/java.util.concurrent.AbstractExecutorService.submit(AbstractExecutorService.java:149) ~[na:na]
	at org.apache.catalina.core.ContainerBase.startInternal(ContainerBase.java:714) ~[tomcat-embed-core-11.0.14.jar:11.0.14]
	at org.apache.catalina.core.StandardEngine.startInternal(StandardEngine.java:201) ~[tomcat-embed-core-11.0.14.jar:11.0.14]
	at org.apache.catalina.util.LifecycleBase.start(LifecycleBase.java:164) ~[tomcat-embed-core-11.0.14.jar:11.0.14]
	at org.apache.catalina.core.StandardService.startInternal(StandardService.java:410) ~[tomcat-embed-core-11.0.14.jar:11.0.14]
	at org.apache.catalina.util.LifecycleBase.start(LifecycleBase.java:164) ~[tomcat-embed-core-11.0.14.jar:11.0.14]
	at org.apache.catalina.core.StandardServer.startInternal(StandardServer.java:864) ~[tomcat-embed-core-11.0.14.jar:11.0.14]
	at org.apache.catalina.util.LifecycleBase.start(LifecycleBase.java:164) ~[tomcat-embed-core-11.0.14.jar:11.0.14]
	at org.apache.catalina.startup.Tomcat.start(Tomcat.java:435) ~[tomcat-embed-core-11.0.14.jar:11.0.14]
	at org.springframework.boot.tomcat.TomcatWebServer.initialize(TomcatWebServer.java:131) ~[spring-boot-tomcat-4.0.0.jar:4.0.0]
	at org.springframework.boot.tomcat.TomcatWebServer.<init>(TomcatWebServer.java:110) ~[spring-boot-tomcat-4.0.0.jar:4.0.0]
	at org.springframework.boot.tomcat.servlet.TomcatServletWebServerFactory.getTomcatWebServer(TomcatServletWebServerFactory.java:408) ~[spring-boot-tomcat-4.0.0.jar:4.0.0]
	at org.springframework.boot.tomcat.servlet.TomcatServletWebServerFactory.getWebServer(TomcatServletWebServerFactory.java:166) ~[spring-boot-tomcat-4.0.0.jar:4.0.0]
	at org.springframework.boot.web.server.servlet.context.ServletWebServerApplicationContext.createWebServer(ServletWebServerApplicationContext.java:190) ~[spring-boot-web-server-4.0.0.jar:4.0.0]
	at org.springframework.boot.web.server.servlet.context.ServletWebServerApplicationContext.onRefresh(ServletWebServerApplicationContext.java:164) ~[spring-boot-web-server-4.0.0.jar:4.0.0]
	at org.springframework.context.support.AbstractApplicationContext.refresh(AbstractApplicationContext.java:614) ~[spring-context-7.0.1.jar:7.0.1]
	at org.springframework.boot.web.server.servlet.context.ServletWebServerApplicationContext.refresh(ServletWebServerApplicationContext.java:143) ~[spring-boot-web-server-4.0.0.jar:4.0.0]
	at org.springframework.boot.SpringApplication.refresh(SpringApplication.java:765) ~[spring-boot-4.0.0.jar:4.0.0]
	at org.springframework.boot.SpringApplication.refreshContext(SpringApplication.java:454) ~[spring-boot-4.0.0.jar:4.0.0]
	at org.springframework.boot.SpringApplication.run(SpringApplication.java:321) ~[spring-boot-4.0.0.jar:4.0.0]
	at org.springframework.boot.SpringApplication.run(SpringApplication.java:1374) ~[spring-boot-4.0.0.jar:4.0.0]
	at org.springframework.boot.SpringApplication.run(SpringApplication.java:1363) ~[spring-boot-4.0.0.jar:4.0.0]
	at com.rin.hlsserver.HlsServerApplication.main(HlsServerApplication.java:14) ~[classes/:na]
Caused by: org.postgresql.util.PSQLException: FATAL: invalid value for parameter "TimeZone": "Asia/Saigon"
	at org.postgresql.core.v3.QueryExecutorImpl.receiveErrorResponse(QueryExecutorImpl.java:2736) ~[postgresql-42.7.8.jar:42.7.8]
	at org.postgresql.core.v3.QueryExecutorImpl.readStartupMessages(QueryExecutorImpl.java:2861) ~[postgresql-42.7.8.jar:42.7.8]
	at org.postgresql.core.v3.QueryExecutorImpl.<init>(QueryExecutorImpl.java:178) ~[postgresql-42.7.8.jar:42.7.8]
	at org.postgresql.core.v3.ConnectionFactoryImpl.openConnectionImpl(ConnectionFactoryImpl.java:344) ~[postgresql-42.7.8.jar:42.7.8]
	at org.postgresql.core.ConnectionFactory.openConnection(ConnectionFactory.java:57) ~[postgresql-42.7.8.jar:42.7.8]
	at org.postgresql.jdbc.PgConnection.<init>(PgConnection.java:279) ~[postgresql-42.7.8.jar:42.7.8]
	at org.postgresql.Driver.makeConnection(Driver.java:448) ~[postgresql-42.7.8.jar:42.7.8]
	at org.postgresql.Driver.connect(Driver.java:298) ~[postgresql-42.7.8.jar:42.7.8]
	at com.zaxxer.hikari.util.DriverDataSource.getConnection(DriverDataSource.java:144) ~[HikariCP-7.0.2.jar:na]
	at com.zaxxer.hikari.pool.PoolBase.newConnection(PoolBase.java:373) ~[HikariCP-7.0.2.jar:na]
	at com.zaxxer.hikari.pool.PoolBase.newPoolEntry(PoolBase.java:210) ~[HikariCP-7.0.2.jar:na]
	at com.zaxxer.hikari.pool.HikariPool.createPoolEntry(HikariPool.java:488) ~[HikariCP-7.0.2.jar:na]
	at com.zaxxer.hikari.pool.HikariPool.checkFailFast(HikariPool.java:576) ~[HikariCP-7.0.2.jar:na]
	at com.zaxxer.hikari.pool.HikariPool.<init>(HikariPool.java:97) ~[HikariCP-7.0.2.jar:na]
	at com.zaxxer.hikari.HikariDataSource.getConnection(HikariDataSource.java:111) ~[HikariCP-7.0.2.jar:na]
	at org.hibernate.engine.jdbc.connections.internal.DatasourceConnectionProviderImpl.getConnection(DatasourceConnectionProviderImpl.java:138) ~[hibernate-core-7.1.8.Final.jar:7.1.8.Final]
	at org.hibernate.engine.jdbc.env.internal.JdbcEnvironmentInitiator$ConnectionProviderJdbcConnectionAccess.obtainConnection(JdbcEnvironmentInitiator.java:499) ~[hibernate-core-7.1.8.Final.jar:7.1.8.Final]
	at org.hibernate.resource.transaction.backend.jdbc.internal.JdbcIsolationDelegate.delegateWork(JdbcIsolationDelegate.java:48) ~[hibernate-core-7.1.8.Final.jar:7.1.8.Final]
	... 122 common frames omitted

2026-04-20T21:56:00.738+07:00  WARN 33164 --- [hls-server] [           main] org.hibernate.orm.deprecation            : HHH90000025: PostgreSQLDialect does not need to be specified explicitly using 'hibernate.dialect' (remove the property setting and it will be selected by default)
2026-04-20T21:56:00.745+07:00  INFO 33164 --- [hls-server] [           main] org.hibernate.orm.connections.pooling    : HHH10001005: Database info:
	Database JDBC URL [undefined/unknown]
	Database driver: undefined/unknown
	Database dialect: PostgreSQLDialect
	Database version: 13.0
	Default catalog/schema: unknown/unknown
	Autocommit mode: undefined/unknown
	Isolation level: NONE [default NONE]
	JDBC fetch size: undefined/unknown
	Pool: DatasourceConnectionProviderImpl
	Minimum pool size: undefined/unknown
	Maximum pool size: undefined/unknown
2026-04-20T21:56:01.771+07:00  INFO 33164 --- [hls-server] [           main] o.h.e.t.j.p.i.JtaPlatformInitiator       : HHH000489: No JTA platform available (set 'hibernate.transaction.jta.platform' to enable JTA platform integration)
2026-04-20T21:56:01.784+07:00  INFO 33164 --- [hls-server] [           main] j.LocalContainerEntityManagerFactoryBean : Initialized JPA EntityManagerFactory for persistence unit 'default'
2026-04-20T21:56:01.846+07:00  INFO 33164 --- [hls-server] [           main] o.s.d.j.r.query.QueryEnhancerFactories   : Hibernate is in classpath; If applicable, HQL parser will be used.
2026-04-20T21:56:02.337+07:00 DEBUG 33164 --- [hls-server] [           main] c.r.h.config.RequestLoggingFilter        : Filter 'requestLoggingFilter' configured for use
2026-04-20T21:56:02.337+07:00 DEBUG 33164 --- [hls-server] [           main] c.r.h.c.RandomFailureSimulationFilter    : Filter 'randomFailureSimulationFilter' configured for use
? JVM Default Timezone Set: Asia/Ho_Chi_Minh
2026-04-20T21:56:02.584+07:00  INFO 33164 --- [hls-server] [           main] c.r.h.config.ApplicationInitConfig       : Initializing application.....
2026-04-20T21:56:02.603+07:00  WARN 33164 --- [hls-server] [           main] JpaBaseConfiguration$JpaWebConfiguration : spring.jpa.open-in-view is enabled by default. Therefore, database queries may be performed during view rendering. Explicitly configure spring.jpa.open-in-view to disable this warning
2026-04-20T21:56:03.127+07:00  INFO 33164 --- [hls-server] [           main] o.s.boot.tomcat.TomcatWebServer          : Tomcat started on port 8082 (http) with context path '/'
2026-04-20T21:56:03.136+07:00  INFO 33164 --- [hls-server] [           main] com.rin.hlsserver.HlsServerApplication   : Started HlsServerApplication in 5.756 seconds (process running for 6.107)
2026-04-20T21:56:03.221+07:00  INFO 33164 --- [hls-server] [           main] com.zaxxer.hikari.HikariDataSource       : HikariPool-1 - Starting...
2026-04-20T21:56:03.251+07:00  INFO 33164 --- [hls-server] [           main] com.zaxxer.hikari.pool.HikariPool        : HikariPool-1 - Added connection org.postgresql.jdbc.PgConnection@75e032af
2026-04-20T21:56:03.252+07:00  INFO 33164 --- [hls-server] [           main] com.zaxxer.hikari.HikariDataSource       : HikariPool-1 - Start completed.
2026-04-20T21:56:03.336+07:00  INFO 33164 --- [hls-server] [           main] c.r.h.config.ApplicationInitConfig       : Default genres checked/created successfully
2026-04-20T21:56:03.337+07:00  INFO 33164 --- [hls-server] [           main] c.r.h.monitor.gui.SwingMonitorLauncher   : Attempting to launch HLS Monitor GUI...
2026-04-20T21:56:03.720+07:00  INFO 33164 --- [hls-server] [nio-8082-exec-1] o.a.c.c.C.[Tomcat].[localhost].[/]       : Initializing Spring DispatcherServlet 'dispatcherServlet'
2026-04-20T21:56:03.721+07:00  INFO 33164 --- [hls-server] [nio-8082-exec-1] o.s.web.servlet.DispatcherServlet        : Initializing Servlet 'dispatcherServlet'
2026-04-20T21:56:03.722+07:00  INFO 33164 --- [hls-server] [nio-8082-exec-1] o.s.web.servlet.DispatcherServlet        : Completed initialization in 1 ms
2026-04-20T21:56:03.725+07:00  INFO 33164 --- [hls-server] [nio-8082-exec-1] c.r.h.config.RequestLoggingFilter        : [SERVER-B][API_REQUEST] GET /api/movies user=anonymous ip=127.0.0.1
2026-04-20T21:56:03.783+07:00  INFO 33164 --- [hls-server] [nio-8082-exec-1] c.r.h.l.LoadSimulationInterceptor        : [PORT:8082] Request started. Active requests: 1
2026-04-20T21:56:03.789+07:00  INFO 33164 --- [hls-server] [nio-8082-exec-1] c.r.h.controller.MovieController         : GET /api/movies - Get all movies
2026-04-20T21:56:03.900+07:00  INFO 33164 --- [hls-server] [nio-8082-exec-1] c.r.h.l.LoadSimulationInterceptor        : [PORT:8082] Request completed. Active requests: 0
2026-04-20T21:56:03.981+07:00  INFO 33164 --- [hls-server] [WT-EventQueue-0] c.r.h.monitor.gui.SwingMonitorLauncher   : HLS Monitor GUI launched successfully
2026-04-20T21:58:34.930+07:00  INFO 33164 --- [hls-server] [nio-8082-exec-2] c.r.h.config.RequestLoggingFilter        : [SERVER-B][API_REQUEST] POST /api/auth/login user=anonymous ip=172.18.0.1
2026-04-20T21:58:34.937+07:00  INFO 33164 --- [hls-server] [nio-8082-exec-2] c.r.h.l.LoadSimulationInterceptor        : [PORT:80] Request started. Active requests: 1
2026-04-20T21:58:35.051+07:00  INFO 33164 --- [hls-server] [nio-8082-exec-2] c.r.h.m.service.MonitorTrackerService    : [SERVER-B][AUTH] Đăng nhập thành công user=cun@gmail.com ip=172.18.0.1
2026-04-20T21:58:35.062+07:00  INFO 33164 --- [hls-server] [nio-8082-exec-2] c.r.h.l.LoadSimulationInterceptor        : [PORT:80] Request completed. Active requests: 0
2026-04-20T21:58:35.252+07:00  INFO 33164 --- [hls-server] [nio-8082-exec-4] c.r.h.config.RequestLoggingFilter        : [SERVER-B][API_REQUEST] GET /api/genres user=anonymous ip=172.18.0.1
2026-04-20T21:58:35.258+07:00  INFO 33164 --- [hls-server] [nio-8082-exec-4] c.r.h.l.LoadSimulationInterceptor        : [PORT:80] Request started. Active requests: 1
2026-04-20T21:58:35.264+07:00  INFO 33164 --- [hls-server] [nio-8082-exec-4] c.r.h.l.LoadSimulationInterceptor        : [PORT:80] Request completed. Active requests: 0
2026-04-20T21:58:37.906+07:00  INFO 33164 --- [hls-server] [nio-8082-exec-3] c.r.h.config.RequestLoggingFilter        : [SERVER-B][API_REQUEST] POST /api/watch-history user=anonymous ip=172.18.0.1
2026-04-20T21:58:37.922+07:00  INFO 33164 --- [hls-server] [nio-8082-exec-3] c.r.h.l.LoadSimulationInterceptor        : [PORT:80] Request started. Active requests: 1
2026-04-20T21:58:37.952+07:00  INFO 33164 --- [hls-server] [nio-8082-exec-3] c.r.h.service.WatchHistoryService        : Updated watch history for user 3 and movie 6
2026-04-20T21:58:37.986+07:00  INFO 33164 --- [hls-server] [nio-8082-exec-3] c.r.h.l.LoadSimulationInterceptor        : [PORT:80] Request completed. Active requests: 0
2026-04-20T21:58:50.577+07:00  INFO 33164 --- [hls-server] [nio-8082-exec-5] c.r.h.config.RequestLoggingFilter        : [SERVER-B][API_REQUEST] GET /api/watch-history user=anonymous ip=172.18.0.1
2026-04-20T21:58:50.584+07:00  INFO 33164 --- [hls-server] [nio-8082-exec-5] c.r.h.l.LoadSimulationInterceptor        : [PORT:80] Request started. Active requests: 1
2026-04-20T21:58:50.604+07:00  INFO 33164 --- [hls-server] [nio-8082-exec-5] c.r.h.l.LoadSimulationInterceptor        : [PORT:80] Request completed. Active requests: 0
2026-04-20T21:58:58.924+07:00  INFO 33164 --- [hls-server] [nio-8082-exec-6] c.r.h.config.RequestLoggingFilter        : [SERVER-B][API_REQUEST] GET /api/favorites/check user=anonymous ip=172.18.0.1
2026-04-20T21:58:58.933+07:00  INFO 33164 --- [hls-server] [nio-8082-exec-6] c.r.h.l.LoadSimulationInterceptor        : [PORT:80] Request started. Active requests: 1
2026-04-20T21:58:58.950+07:00  INFO 33164 --- [hls-server] [nio-8082-exec-6] c.r.h.l.LoadSimulationInterceptor        : [PORT:80] Request completed. Active requests: 0
2026-04-20T21:59:02.575+07:00  INFO 33164 --- [hls-server] [nio-8082-exec-7] c.r.h.config.RequestLoggingFilter        : [SERVER-B][API_REQUEST] HEAD /api/hls/5/360p/playlist.m3u8 user=cun@gmail.com ip=172.18.0.1
2026-04-20T21:59:02.582+07:00  INFO 33164 --- [hls-server] [nio-8082-exec-7] c.r.h.l.LoadSimulationInterceptor        : [PORT:80] Request started. Active requests: 1
2026-04-20T21:59:02.587+07:00  INFO 33164 --- [hls-server] [nio-8082-exec-7] c.r.h.controller.HlsStreamingController  : [SERVER-B][HLS] Request playlist movieId=5 quality=360p
2026-04-20T21:59:02.598+07:00  INFO 33164 --- [hls-server] [nio-8082-exec-7] c.r.h.m.service.MonitorTrackerService    : [SERVER-B][HLS] Trả playlist movieId=5 quality=360p account=cun@gmail.com ip=172.18.0.1
2026-04-20T21:59:02.611+07:00  INFO 33164 --- [hls-server] [nio-8082-exec-7] c.r.h.l.LoadSimulationInterceptor        : [PORT:80] Request completed. Active requests: 0
2026-04-20T21:59:02.769+07:00  INFO 33164 --- [hls-server] [nio-8082-exec-9] c.r.h.config.RequestLoggingFilter        : [SERVER-B][API_REQUEST] GET /api/hls/5/360p/segment_000.ts user=cun@gmail.com ip=172.18.0.1
2026-04-20T21:59:02.775+07:00  INFO 33164 --- [hls-server] [nio-8082-exec-9] c.r.h.l.LoadSimulationInterceptor        : [PORT:80] Request started. Active requests: 1
2026-04-20T21:59:02.777+07:00  INFO 33164 --- [hls-server] [nio-8082-exec-9] c.r.h.controller.HlsStreamingController  : [SERVER-B][HLS] Request segment segment_000.ts movieId=5 quality=360p
2026-04-20T21:59:02.783+07:00  INFO 33164 --- [hls-server] [nio-8082-exec-9] c.r.h.m.service.MonitorTrackerService    : [SERVER-B][HLS] Trả segment segment_000.ts movieId=5 quality=360p account=cun@gmail.com ip=172.18.0.1
2026-04-20T21:59:02.784+07:00  INFO 33164 --- [hls-server] [nio-8082-exec-9] c.r.h.controller.HlsStreamingController  : [SERVER-B][HLS] Trả segment segment_000.ts movieId=5 quality=360p
2026-04-20T21:59:02.803+07:00  INFO 33164 --- [hls-server] [nio-8082-exec-9] c.r.h.l.LoadSimulationInterceptor        : [PORT:80] Request completed. Active requests: 0
2026-04-20T21:59:02.929+07:00  INFO 33164 --- [hls-server] [io-8082-exec-10] c.r.h.config.RequestLoggingFilter        : [SERVER-B][API_REQUEST] GET /api/hls/5/360p/segment_002.ts user=cun@gmail.com ip=172.18.0.1
2026-04-20T21:59:02.935+07:00  INFO 33164 --- [hls-server] [io-8082-exec-10] c.r.h.l.LoadSimulationInterceptor        : [PORT:80] Request started. Active requests: 1
2026-04-20T21:59:02.936+07:00  INFO 33164 --- [hls-server] [io-8082-exec-10] c.r.h.controller.HlsStreamingController  : [SERVER-B][HLS] Request segment segment_002.ts movieId=5 quality=360p
2026-04-20T21:59:02.942+07:00  INFO 33164 --- [hls-server] [io-8082-exec-10] c.r.h.m.service.MonitorTrackerService    : [SERVER-B][HLS] Trả segment segment_002.ts movieId=5 quality=360p account=cun@gmail.com ip=172.18.0.1
2026-04-20T21:59:02.942+07:00  INFO 33164 --- [hls-server] [io-8082-exec-10] c.r.h.controller.HlsStreamingController  : [SERVER-B][HLS] Trả segment segment_002.ts movieId=5 quality=360p
2026-04-20T21:59:02.958+07:00  INFO 33164 --- [hls-server] [io-8082-exec-10] c.r.h.l.LoadSimulationInterceptor        : [PORT:80] Request completed. Active requests: 0
2026-04-20T21:59:03.021+07:00  INFO 33164 --- [hls-server] [nio-8082-exec-8] c.r.h.config.RequestLoggingFilter        : [SERVER-B][API_REQUEST] GET /api/hls/5/360p/segment_000.ts user=cun@gmail.com ip=172.18.0.1
2026-04-20T21:59:03.027+07:00  INFO 33164 --- [hls-server] [nio-8082-exec-8] c.r.h.l.LoadSimulationInterceptor        : [PORT:80] Request started. Active requests: 1
2026-04-20T21:59:03.028+07:00  INFO 33164 --- [hls-server] [nio-8082-exec-8] c.r.h.controller.HlsStreamingController  : [SERVER-B][HLS] Request segment segment_000.ts movieId=5 quality=360p
2026-04-20T21:59:03.034+07:00  INFO 33164 --- [hls-server] [nio-8082-exec-8] c.r.h.m.service.MonitorTrackerService    : [SERVER-B][HLS] Trả segment segment_000.ts movieId=5 quality=360p account=cun@gmail.com ip=172.18.0.1
2026-04-20T21:59:03.035+07:00  INFO 33164 --- [hls-server] [nio-8082-exec-8] c.r.h.controller.HlsStreamingController  : [SERVER-B][HLS] Trả segment segment_000.ts movieId=5 quality=360p
2026-04-20T21:59:03.050+07:00  INFO 33164 --- [hls-server] [nio-8082-exec-8] c.r.h.l.LoadSimulationInterceptor        : [PORT:80] Request completed. Active requests: 0
2026-04-20T21:59:03.098+07:00  INFO 33164 --- [hls-server] [nio-8082-exec-1] c.r.h.config.RequestLoggingFilter        : [SERVER-B][API_REQUEST] GET /api/hls/5/360p/segment_002.ts user=cun@gmail.com ip=172.18.0.1
2026-04-20T21:59:03.105+07:00  INFO 33164 --- [hls-server] [nio-8082-exec-1] c.r.h.l.LoadSimulationInterceptor        : [PORT:80] Request started. Active requests: 1
2026-04-20T21:59:03.105+07:00  INFO 33164 --- [hls-server] [nio-8082-exec-1] c.r.h.controller.HlsStreamingController  : [SERVER-B][HLS] Request segment segment_002.ts movieId=5 quality=360p
2026-04-20T21:59:03.115+07:00  INFO 33164 --- [hls-server] [nio-8082-exec-1] c.r.h.m.service.MonitorTrackerService    : [SERVER-B][HLS] Trả segment segment_002.ts movieId=5 quality=360p account=cun@gmail.com ip=172.18.0.1
2026-04-20T21:59:03.115+07:00  INFO 33164 --- [hls-server] [nio-8082-exec-1] c.r.h.controller.HlsStreamingController  : [SERVER-B][HLS] Trả segment segment_002.ts movieId=5 quality=360p
2026-04-20T21:59:03.127+07:00  INFO 33164 --- [hls-server] [nio-8082-exec-1] c.r.h.l.LoadSimulationInterceptor        : [PORT:80] Request completed. Active requests: 0
2026-04-20T21:59:03.186+07:00  INFO 33164 --- [hls-server] [nio-8082-exec-2] c.r.h.config.RequestLoggingFilter        : [SERVER-B][API_REQUEST] GET /api/hls/5/360p/segment_004.ts user=cun@gmail.com ip=172.18.0.1
2026-04-20T21:59:03.191+07:00  INFO 33164 --- [hls-server] [nio-8082-exec-2] c.r.h.l.LoadSimulationInterceptor        : [PORT:80] Request started. Active requests: 1
2026-04-20T21:59:03.192+07:00  INFO 33164 --- [hls-server] [nio-8082-exec-2] c.r.h.controller.HlsStreamingController  : [SERVER-B][HLS] Request segment segment_004.ts movieId=5 quality=360p
2026-04-20T21:59:03.199+07:00  INFO 33164 --- [hls-server] [nio-8082-exec-2] c.r.h.m.service.MonitorTrackerService    : [SERVER-B][HLS] Trả segment segment_004.ts movieId=5 quality=360p account=cun@gmail.com ip=172.18.0.1
2026-04-20T21:59:03.199+07:00  INFO 33164 --- [hls-server] [nio-8082-exec-2] c.r.h.controller.HlsStreamingController  : [SERVER-B][HLS] Trả segment segment_004.ts movieId=5 quality=360p
2026-04-20T21:59:03.212+07:00  INFO 33164 --- [hls-server] [nio-8082-exec-2] c.r.h.l.LoadSimulationInterceptor        : [PORT:80] Request completed. Active requests: 0
2026-04-20T21:59:03.266+07:00  INFO 33164 --- [hls-server] [nio-8082-exec-4] c.r.h.config.RequestLoggingFilter        : [SERVER-B][API_REQUEST] GET /api/hls/5/360p/segment_006.ts user=cun@gmail.com ip=172.18.0.1
2026-04-20T21:59:03.271+07:00  INFO 33164 --- [hls-server] [nio-8082-exec-4] c.r.h.l.LoadSimulationInterceptor        : [PORT:80] Request started. Active requests: 1
2026-04-20T21:59:03.272+07:00  INFO 33164 --- [hls-server] [nio-8082-exec-4] c.r.h.controller.HlsStreamingController  : [SERVER-B][HLS] Request segment segment_006.ts movieId=5 quality=360p
2026-04-20T21:59:03.278+07:00  INFO 33164 --- [hls-server] [nio-8082-exec-4] c.r.h.m.service.MonitorTrackerService    : [SERVER-B][HLS] Trả segment segment_006.ts movieId=5 quality=360p account=cun@gmail.com ip=172.18.0.1
2026-04-20T21:59:03.278+07:00  INFO 33164 --- [hls-server] [nio-8082-exec-4] c.r.h.controller.HlsStreamingController  : [SERVER-B][HLS] Trả segment segment_006.ts movieId=5 quality=360p
2026-04-20T21:59:03.292+07:00  INFO 33164 --- [hls-server] [nio-8082-exec-4] c.r.h.l.LoadSimulationInterceptor        : [PORT:80] Request completed. Active requests: 0
2026-04-20T21:59:10.302+07:00  INFO 33164 --- [hls-server] [nio-8082-exec-3] c.r.h.config.RequestLoggingFilter        : [SERVER-B][API_REQUEST] GET /api/hls/5/360p/segment_009.ts user=cun@gmail.com ip=172.18.0.1
2026-04-20T21:59:10.309+07:00  INFO 33164 --- [hls-server] [nio-8082-exec-3] c.r.h.l.LoadSimulationInterceptor        : [PORT:80] Request started. Active requests: 1
2026-04-20T21:59:10.309+07:00  INFO 33164 --- [hls-server] [nio-8082-exec-3] c.r.h.controller.HlsStreamingController  : [SERVER-B][HLS] Request segment segment_009.ts movieId=5 quality=360p
2026-04-20T21:59:10.317+07:00  INFO 33164 --- [hls-server] [nio-8082-exec-3] c.r.h.m.service.MonitorTrackerService    : [SERVER-B][HLS] Trả segment segment_009.ts movieId=5 quality=360p account=cun@gmail.com ip=172.18.0.1
2026-04-20T21:59:10.317+07:00  INFO 33164 --- [hls-server] [nio-8082-exec-3] c.r.h.controller.HlsStreamingController  : [SERVER-B][HLS] Trả segment segment_009.ts movieId=5 quality=360p
2026-04-20T21:59:10.345+07:00  INFO 33164 --- [hls-server] [nio-8082-exec-3] c.r.h.l.LoadSimulationInterceptor        : [PORT:80] Request completed. Active requests: 0
2026-04-20T21:59:10.439+07:00  INFO 33164 --- [hls-server] [nio-8082-exec-5] c.r.h.config.RequestLoggingFilter        : [SERVER-B][API_REQUEST] GET /api/hls/5/360p/segment_011.ts user=cun@gmail.com ip=172.18.0.1
2026-04-20T21:59:10.447+07:00  INFO 33164 --- [hls-server] [nio-8082-exec-5] c.r.h.l.LoadSimulationInterceptor        : [PORT:80] Request started. Active requests: 1
2026-04-20T21:59:10.447+07:00  INFO 33164 --- [hls-server] [nio-8082-exec-5] c.r.h.controller.HlsStreamingController  : [SERVER-B][HLS] Request segment segment_011.ts movieId=5 quality=360p
2026-04-20T21:59:10.454+07:00  INFO 33164 --- [hls-server] [nio-8082-exec-5] c.r.h.m.service.MonitorTrackerService    : [SERVER-B][HLS] Trả segment segment_011.ts movieId=5 quality=360p account=cun@gmail.com ip=172.18.0.1
2026-04-20T21:59:10.455+07:00  INFO 33164 --- [hls-server] [nio-8082-exec-5] c.r.h.controller.HlsStreamingController  : [SERVER-B][HLS] Trả segment segment_011.ts movieId=5 quality=360p
2026-04-20T21:59:10.488+07:00  INFO 33164 --- [hls-server] [nio-8082-exec-5] c.r.h.l.LoadSimulationInterceptor        : [PORT:80] Request completed. Active requests: 0
2026-04-20T21:59:10.545+07:00  INFO 33164 --- [hls-server] [nio-8082-exec-6] c.r.h.config.RequestLoggingFilter        : [SERVER-B][API_REQUEST] GET /api/hls/5/360p/segment_013.ts user=cun@gmail.com ip=172.18.0.1
2026-04-20T21:59:10.550+07:00  INFO 33164 --- [hls-server] [nio-8082-exec-6] c.r.h.l.LoadSimulationInterceptor        : [PORT:80] Request started. Active requests: 1
2026-04-20T21:59:10.550+07:00  INFO 33164 --- [hls-server] [nio-8082-exec-6] c.r.h.controller.HlsStreamingController  : [SERVER-B][HLS] Request segment segment_013.ts movieId=5 quality=360p
2026-04-20T21:59:10.558+07:00  INFO 33164 --- [hls-server] [nio-8082-exec-6] c.r.h.m.service.MonitorTrackerService    : [SERVER-B][HLS] Trả segment segment_013.ts movieId=5 quality=360p account=cun@gmail.com ip=172.18.0.1
2026-04-20T21:59:10.558+07:00  INFO 33164 --- [hls-server] [nio-8082-exec-6] c.r.h.controller.HlsStreamingController  : [SERVER-B][HLS] Trả segment segment_013.ts movieId=5 quality=360p
2026-04-20T21:59:10.569+07:00  INFO 33164 --- [hls-server] [nio-8082-exec-6] c.r.h.l.LoadSimulationInterceptor        : [PORT:80] Request completed. Active requests: 0
2026-04-20T21:59:22.195+07:00  INFO 33164 --- [hls-server] [nio-8082-exec-7] c.r.h.config.RequestLoggingFilter        : [SERVER-B][API_REQUEST] GET /api/hls/5/360p/segment_015.ts user=cun@gmail.com ip=172.18.0.1
2026-04-20T21:59:22.202+07:00  INFO 33164 --- [hls-server] [nio-8082-exec-7] c.r.h.l.LoadSimulationInterceptor        : [PORT:80] Request started. Active requests: 1
2026-04-20T21:59:22.202+07:00  INFO 33164 --- [hls-server] [nio-8082-exec-7] c.r.h.controller.HlsStreamingController  : [SERVER-B][HLS] Request segment segment_015.ts movieId=5 quality=360p
2026-04-20T21:59:22.211+07:00  INFO 33164 --- [hls-server] [nio-8082-exec-7] c.r.h.m.service.MonitorTrackerService    : [SERVER-B][HLS] Trả segment segment_015.ts movieId=5 quality=360p account=cun@gmail.com ip=172.18.0.1
2026-04-20T21:59:22.211+07:00  INFO 33164 --- [hls-server] [nio-8082-exec-7] c.r.h.controller.HlsStreamingController  : [SERVER-B][HLS] Trả segment segment_015.ts movieId=5 quality=360p
2026-04-20T21:59:22.224+07:00  INFO 33164 --- [hls-server] [nio-8082-exec-7] c.r.h.l.LoadSimulationInterceptor        : [PORT:80] Request completed. Active requests: 0
2026-04-20T21:59:34.636+07:00  INFO 33164 --- [hls-server] [nio-8082-exec-9] c.r.h.config.RequestLoggingFilter        : [SERVER-B][API_REQUEST] GET /api/hls/5/360p/segment_017.ts user=cun@gmail.com ip=172.18.0.1
2026-04-20T21:59:34.644+07:00  INFO 33164 --- [hls-server] [nio-8082-exec-9] c.r.h.l.LoadSimulationInterceptor        : [PORT:80] Request started. Active requests: 1
2026-04-20T21:59:34.646+07:00  INFO 33164 --- [hls-server] [nio-8082-exec-9] c.r.h.controller.HlsStreamingController  : [SERVER-B][HLS] Request segment segment_017.ts movieId=5 quality=360p
2026-04-20T21:59:34.654+07:00  INFO 33164 --- [hls-server] [nio-8082-exec-9] c.r.h.m.service.MonitorTrackerService    : [SERVER-B][HLS] Trả segment segment_017.ts movieId=5 quality=360p account=cun@gmail.com ip=172.18.0.1
2026-04-20T21:59:34.654+07:00  INFO 33164 --- [hls-server] [nio-8082-exec-9] c.r.h.controller.HlsStreamingController  : [SERVER-B][HLS] Trả segment segment_017.ts movieId=5 quality=360p
2026-04-20T21:59:34.668+07:00  INFO 33164 --- [hls-server] [nio-8082-exec-9] c.r.h.l.LoadSimulationInterceptor        : [PORT:80] Request completed. Active requests: 0
2026-04-20T21:59:47.193+07:00 DEBUG 33164 --- [hls-server] [   scheduling-1] c.r.h.monitor.job.OnlineCleanupJob       : Đã xóa 1 phiên hết hạn
